<?xml version="1.0" encoding="UTF-8"?>
<!-- Generated by org.testng.reporters.JUnitXMLReporter -->
<testsuite hostname="EPINHYDW020D" ignored="0" name="Banking test" tests="2" failures="0" timestamp="29 Dec 2020 18:15:07 GMT" time="68.552" errors="0">
  <testcase name="addNewCustomer" time="34.984" classname="com.banking.testCases.TC_AddCustomerTest_003"/>
  <testcase name="addNewCustomer" time="28.191" classname="com.banking.testCases.TC_AddCustomerTest_003"/>
</testsuite> <!-- Banking test -->
