<?xml version="1.0" encoding="UTF-8"?>
<!-- Generated by org.testng.reporters.JUnitXMLReporter -->
<testsuite hostname="EPINHYDW020D" ignored="0" name="Banking test" tests="2" failures="0" timestamp="28 Dec 2020 05:35:02 GMT" time="91.401" errors="0">
  <testcase name="addNewCustomer" time="44.752" classname="com.banking.testCases.TC_AddCustomerTest_003"/>
  <testcase name="addNewCustomer" time="41.346" classname="com.banking.testCases.TC_AddCustomerTest_003"/>
</testsuite> <!-- Banking test -->
