<?xml version="1.0" encoding="UTF-8"?>
<!-- Generated by org.testng.reporters.JUnitXMLReporter -->
<testsuite hostname="EPINHYDW020D" ignored="0" name="Banking test(failed)" tests="1" failures="1" timestamp="26 Dec 2020 19:09:56 GMT" time="10.566" errors="0">
  <testcase name="loginTest" time="4.814" classname="com.banking.testCases.TC_LoginTest_001">
    <failure type="java.lang.AssertionError" message="expected [Guru9 Bank Manager HomePage] but found [Guru99 Bank Manager HomePage]">
      <![CDATA[java.lang.AssertionError: expected [Guru9 Bank Manager HomePage] but found [Guru99 Bank Manager HomePage]
at com.banking.testCases.TC_LoginTest_001.loginTest(TC_LoginTest_001.java:25)
... Removed 31 stack frames]]>
    </failure>
  </testcase> <!-- loginTest -->
</testsuite> <!-- Banking test(failed) -->
