<?xml version="1.0" encoding="UTF-8"?>
<testng-results skipped="0" failed="0" ignored="0" total="2" passed="2">
  <reporter-output>
  </reporter-output>
  <suite name="Banking" duration-ms="68552" started-at="2020-12-29T18:13:59Z" finished-at="2020-12-29T18:15:07Z">
    <groups>
    </groups>
    <test name="Banking test" duration-ms="68552" started-at="2020-12-29T18:13:59Z" finished-at="2020-12-29T18:15:07Z">
      <class name="com.banking.testCases.TC_AddCustomerTest_003">
        <test-method status="PASS" signature="setup(java.lang.String)[pri:0, instance:com.banking.testCases.TC_AddCustomerTest_003@61dc03ce]" name="setup" is-config="true" duration-ms="3912" started-at="2020-12-29T18:13:59Z" finished-at="2020-12-29T18:14:03Z">
          <params>
            <param index="0">
              <value>
                <![CDATA[chrome]]>
              </value>
            </param>
          </params>
          <reporter-output>
          </reporter-output>
        </test-method> <!-- setup -->
        <test-method status="PASS" signature="addNewCustomer(java.lang.String, java.lang.String, java.lang.String, java.lang.String, java.lang.String, java.lang.String, java.lang.String, java.lang.String, java.lang.String, java.lang.String)[pri:0, instance:com.banking.testCases.TC_AddCustomerTest_003@61dc03ce]" name="addNewCustomer" duration-ms="34984" started-at="2020-12-29T18:14:04Z" data-provider="NewCustomerData" finished-at="2020-12-29T18:14:39Z">
          <params>
            <param index="0">
              <value>
                <![CDATA[Shiv PT]]>
              </value>
            </param>
            <param index="1">
              <value>
                <![CDATA[M]]>
              </value>
            </param>
            <param index="2">
              <value>
                <![CDATA[12/10/95]]>
              </value>
            </param>
            <param index="3">
              <value>
                <![CDATA[INDIA]]>
              </value>
            </param>
            <param index="4">
              <value>
                <![CDATA[hyd]]>
              </value>
            </param>
            <param index="5">
              <value>
                <![CDATA[Telangana]]>
              </value>
            </param>
            <param index="6">
              <value>
                <![CDATA[486892]]>
              </value>
            </param>
            <param index="7">
              <value>
                <![CDATA[1234567890]]>
              </value>
            </param>
            <param index="8">
              <value>
                <![CDATA[abc]]>
              </value>
            </param>
            <param index="9">
              <value>
                <![CDATA[qwerty]]>
              </value>
            </param>
          </params>
          <reporter-output>
          </reporter-output>
        </test-method> <!-- addNewCustomer -->
        <test-method status="PASS" signature="addNewCustomer(java.lang.String, java.lang.String, java.lang.String, java.lang.String, java.lang.String, java.lang.String, java.lang.String, java.lang.String, java.lang.String, java.lang.String)[pri:0, instance:com.banking.testCases.TC_AddCustomerTest_003@61dc03ce]" name="addNewCustomer" duration-ms="28191" started-at="2020-12-29T18:14:39Z" data-provider="NewCustomerData" finished-at="2020-12-29T18:15:07Z">
          <params>
            <param index="0">
              <value>
                <![CDATA[Abhishek]]>
              </value>
            </param>
            <param index="1">
              <value>
                <![CDATA[F]]>
              </value>
            </param>
            <param index="2">
              <value>
                <![CDATA[12/10/99]]>
              </value>
            </param>
            <param index="3">
              <value>
                <![CDATA[INDIA]]>
              </value>
            </param>
            <param index="4">
              <value>
                <![CDATA[hyd]]>
              </value>
            </param>
            <param index="5">
              <value>
                <![CDATA[Telangana]]>
              </value>
            </param>
            <param index="6">
              <value>
                <![CDATA[486892]]>
              </value>
            </param>
            <param index="7">
              <value>
                <![CDATA[1234532890]]>
              </value>
            </param>
            <param index="8">
              <value>
                <![CDATA[abc]]>
              </value>
            </param>
            <param index="9">
              <value>
                <![CDATA[qwerty]]>
              </value>
            </param>
          </params>
          <reporter-output>
          </reporter-output>
        </test-method> <!-- addNewCustomer -->
        <test-method status="PASS" signature="tearDown()[pri:0, instance:com.banking.testCases.TC_AddCustomerTest_003@61dc03ce]" name="tearDown" is-config="true" duration-ms="628" started-at="2020-12-29T18:15:07Z" finished-at="2020-12-29T18:15:07Z">
          <reporter-output>
          </reporter-output>
        </test-method> <!-- tearDown -->
      </class> <!-- com.banking.testCases.TC_AddCustomerTest_003 -->
    </test> <!-- Banking test -->
  </suite> <!-- Banking -->
</testng-results>
